Pig Stack Trace
---------------
ERROR 1200: Pig script failed to parse: <line 29, column 6> Undefined alias: got_data

Failed to parse: Pig script failed to parse: <line 29, column 6> Undefined alias: got_data
	at org.apache.pig.parser.QueryParserDriver.parse(QueryParserDriver.java:199)
	at org.apache.pig.PigServer$Graph.validateQuery(PigServer.java:1792)
	at org.apache.pig.PigServer$Graph.registerQuery(PigServer.java:1765)
	at org.apache.pig.PigServer.registerQuery(PigServer.java:708)
	at org.apache.pig.tools.grunt.GruntParser.processPig(GruntParser.java:1110)
	at org.apache.pig.tools.pigscript.parser.PigScriptParser.parse(PigScriptParser.java:512)
	at org.apache.pig.tools.grunt.GruntParser.loadScript(GruntParser.java:561)
	at org.apache.pig.tools.grunt.GruntParser.processScript(GruntParser.java:497)
	at org.apache.pig.tools.pigscript.parser.PigScriptParser.Script(PigScriptParser.java:1037)
	at org.apache.pig.tools.pigscript.parser.PigScriptParser.parse(PigScriptParser.java:561)
	at org.apache.pig.tools.grunt.GruntParser.parseStopOnError(GruntParser.java:230)
	at org.apache.pig.tools.grunt.GruntParser.parseStopOnError(GruntParser.java:205)
	at org.apache.pig.tools.grunt.Grunt.run(Grunt.java:66)
	at org.apache.pig.Main.run(Main.java:564)
	at org.apache.pig.Main.main(Main.java:175)
	at java.base/jdk.internal.reflect.NativeMethodAccessorImpl.invoke0(Native Method)
	at java.base/jdk.internal.reflect.NativeMethodAccessorImpl.invoke(NativeMethodAccessorImpl.java:62)
	at java.base/jdk.internal.reflect.DelegatingMethodAccessorImpl.invoke(DelegatingMethodAccessorImpl.java:43)
	at java.base/java.lang.reflect.Method.invoke(Method.java:566)
	at org.apache.hadoop.util.RunJar.run(RunJar.java:323)
	at org.apache.hadoop.util.RunJar.main(RunJar.java:236)
Caused by: <line 29, column 6> Undefined alias: got_data
	at org.apache.pig.parser.AstValidator.validateAliasRef(AstValidator.java:278)
	at org.apache.pig.parser.AstValidator.rel(AstValidator.java:6557)
	at org.apache.pig.parser.AstValidator.store_clause(AstValidator.java:7031)
	at org.apache.pig.parser.AstValidator.op_clause(AstValidator.java:1663)
	at org.apache.pig.parser.AstValidator.general_statement(AstValidator.java:1035)
	at org.apache.pig.parser.AstValidator.statement(AstValidator.java:499)
	at org.apache.pig.parser.AstValidator.query(AstValidator.java:373)
	at org.apache.pig.parser.QueryParserDriver.validateAst(QueryParserDriver.java:258)
	at org.apache.pig.parser.QueryParserDriver.parse(QueryParserDriver.java:186)
	... 20 more
================================================================================
Pig Stack Trace
---------------
ERROR 1070: Could not resolve PingStorage using imports: [, java.lang., org.apache.pig.builtin., org.apache.pig.impl.builtin.]

Failed to parse: Pig script failed to parse: <line 32, column 36> pig script failed to validate: org.apache.pig.backend.executionengine.ExecException: ERROR 1070: Could not resolve PingStorage using imports: [, java.lang., org.apache.pig.builtin., org.apache.pig.impl.builtin.]
	at org.apache.pig.parser.QueryParserDriver.parse(QueryParserDriver.java:199)
	at org.apache.pig.PigServer$Graph.validateQuery(PigServer.java:1792)
	at org.apache.pig.PigServer$Graph.registerQuery(PigServer.java:1765)
	at org.apache.pig.PigServer.registerQuery(PigServer.java:708)
	at org.apache.pig.tools.grunt.GruntParser.processPig(GruntParser.java:1110)
	at org.apache.pig.tools.pigscript.parser.PigScriptParser.parse(PigScriptParser.java:512)
	at org.apache.pig.tools.grunt.GruntParser.loadScript(GruntParser.java:561)
	at org.apache.pig.tools.grunt.GruntParser.processScript(GruntParser.java:497)
	at org.apache.pig.tools.pigscript.parser.PigScriptParser.Script(PigScriptParser.java:1037)
	at org.apache.pig.tools.pigscript.parser.PigScriptParser.parse(PigScriptParser.java:561)
	at org.apache.pig.tools.grunt.GruntParser.parseStopOnError(GruntParser.java:230)
	at org.apache.pig.tools.grunt.GruntParser.parseStopOnError(GruntParser.java:205)
	at org.apache.pig.tools.grunt.Grunt.run(Grunt.java:66)
	at org.apache.pig.Main.run(Main.java:564)
	at org.apache.pig.Main.main(Main.java:175)
	at java.base/jdk.internal.reflect.NativeMethodAccessorImpl.invoke0(Native Method)
	at java.base/jdk.internal.reflect.NativeMethodAccessorImpl.invoke(NativeMethodAccessorImpl.java:62)
	at java.base/jdk.internal.reflect.DelegatingMethodAccessorImpl.invoke(DelegatingMethodAccessorImpl.java:43)
	at java.base/java.lang.reflect.Method.invoke(Method.java:566)
	at org.apache.hadoop.util.RunJar.run(RunJar.java:323)
	at org.apache.hadoop.util.RunJar.main(RunJar.java:236)
Caused by: <line 32, column 36> pig script failed to validate: org.apache.pig.backend.executionengine.ExecException: ERROR 1070: Could not resolve PingStorage using imports: [, java.lang., org.apache.pig.builtin., org.apache.pig.impl.builtin.]
	at org.apache.pig.parser.LogicalPlanBuilder.validateFuncSpec(LogicalPlanBuilder.java:1348)
	at org.apache.pig.parser.LogicalPlanBuilder.buildFuncSpec(LogicalPlanBuilder.java:1333)
	at org.apache.pig.parser.LogicalPlanGenerator.func_clause(LogicalPlanGenerator.java:5184)
	at org.apache.pig.parser.LogicalPlanGenerator.store_clause(LogicalPlanGenerator.java:7782)
	at org.apache.pig.parser.LogicalPlanGenerator.op_clause(LogicalPlanGenerator.java:1669)
	at org.apache.pig.parser.LogicalPlanGenerator.general_statement(LogicalPlanGenerator.java:1102)
	at org.apache.pig.parser.LogicalPlanGenerator.statement(LogicalPlanGenerator.java:560)
	at org.apache.pig.parser.LogicalPlanGenerator.query(LogicalPlanGenerator.java:421)
	at org.apache.pig.parser.QueryParserDriver.parse(QueryParserDriver.java:191)
	... 20 more
Caused by: org.apache.pig.backend.executionengine.ExecException: ERROR 1070: Could not resolve PingStorage using imports: [, java.lang., org.apache.pig.builtin., org.apache.pig.impl.builtin.]
	at org.apache.pig.impl.PigContext.resolveClassName(PigContext.java:676)
	at org.apache.pig.parser.LogicalPlanBuilder.validateFuncSpec(LogicalPlanBuilder.java:1345)
	... 28 more
================================================================================
Pig Stack Trace
---------------
ERROR 1070: Could not resolve PingStorage using imports: [, java.lang., org.apache.pig.builtin., org.apache.pig.impl.builtin.]

Failed to parse: Pig script failed to parse: <line 32, column 35> pig script failed to validate: org.apache.pig.backend.executionengine.ExecException: ERROR 1070: Could not resolve PingStorage using imports: [, java.lang., org.apache.pig.builtin., org.apache.pig.impl.builtin.]
	at org.apache.pig.parser.QueryParserDriver.parse(QueryParserDriver.java:199)
	at org.apache.pig.PigServer$Graph.validateQuery(PigServer.java:1792)
	at org.apache.pig.PigServer$Graph.registerQuery(PigServer.java:1765)
	at org.apache.pig.PigServer.registerQuery(PigServer.java:708)
	at org.apache.pig.tools.grunt.GruntParser.processPig(GruntParser.java:1110)
	at org.apache.pig.tools.pigscript.parser.PigScriptParser.parse(PigScriptParser.java:512)
	at org.apache.pig.tools.grunt.GruntParser.loadScript(GruntParser.java:561)
	at org.apache.pig.tools.grunt.GruntParser.processScript(GruntParser.java:497)
	at org.apache.pig.tools.pigscript.parser.PigScriptParser.Script(PigScriptParser.java:1037)
	at org.apache.pig.tools.pigscript.parser.PigScriptParser.parse(PigScriptParser.java:561)
	at org.apache.pig.tools.grunt.GruntParser.parseStopOnError(GruntParser.java:230)
	at org.apache.pig.tools.grunt.GruntParser.parseStopOnError(GruntParser.java:205)
	at org.apache.pig.tools.grunt.Grunt.run(Grunt.java:66)
	at org.apache.pig.Main.run(Main.java:564)
	at org.apache.pig.Main.main(Main.java:175)
	at java.base/jdk.internal.reflect.NativeMethodAccessorImpl.invoke0(Native Method)
	at java.base/jdk.internal.reflect.NativeMethodAccessorImpl.invoke(NativeMethodAccessorImpl.java:62)
	at java.base/jdk.internal.reflect.DelegatingMethodAccessorImpl.invoke(DelegatingMethodAccessorImpl.java:43)
	at java.base/java.lang.reflect.Method.invoke(Method.java:566)
	at org.apache.hadoop.util.RunJar.run(RunJar.java:323)
	at org.apache.hadoop.util.RunJar.main(RunJar.java:236)
Caused by: <line 32, column 35> pig script failed to validate: org.apache.pig.backend.executionengine.ExecException: ERROR 1070: Could not resolve PingStorage using imports: [, java.lang., org.apache.pig.builtin., org.apache.pig.impl.builtin.]
	at org.apache.pig.parser.LogicalPlanBuilder.validateFuncSpec(LogicalPlanBuilder.java:1348)
	at org.apache.pig.parser.LogicalPlanBuilder.buildFuncSpec(LogicalPlanBuilder.java:1333)
	at org.apache.pig.parser.LogicalPlanGenerator.func_clause(LogicalPlanGenerator.java:5184)
	at org.apache.pig.parser.LogicalPlanGenerator.store_clause(LogicalPlanGenerator.java:7782)
	at org.apache.pig.parser.LogicalPlanGenerator.op_clause(LogicalPlanGenerator.java:1669)
	at org.apache.pig.parser.LogicalPlanGenerator.general_statement(LogicalPlanGenerator.java:1102)
	at org.apache.pig.parser.LogicalPlanGenerator.statement(LogicalPlanGenerator.java:560)
	at org.apache.pig.parser.LogicalPlanGenerator.query(LogicalPlanGenerator.java:421)
	at org.apache.pig.parser.QueryParserDriver.parse(QueryParserDriver.java:191)
	... 20 more
Caused by: org.apache.pig.backend.executionengine.ExecException: ERROR 1070: Could not resolve PingStorage using imports: [, java.lang., org.apache.pig.builtin., org.apache.pig.impl.builtin.]
	at org.apache.pig.impl.PigContext.resolveClassName(PigContext.java:676)
	at org.apache.pig.parser.LogicalPlanBuilder.validateFuncSpec(LogicalPlanBuilder.java:1345)
	... 28 more
================================================================================
Pig Stack Trace
---------------
ERROR 1070: Could not resolve PingStorage using imports: [, java.lang., org.apache.pig.builtin., org.apache.pig.impl.builtin.]

Failed to parse: Pig script failed to parse: <line 32, column 35> pig script failed to validate: org.apache.pig.backend.executionengine.ExecException: ERROR 1070: Could not resolve PingStorage using imports: [, java.lang., org.apache.pig.builtin., org.apache.pig.impl.builtin.]
	at org.apache.pig.parser.QueryParserDriver.parse(QueryParserDriver.java:199)
	at org.apache.pig.PigServer$Graph.validateQuery(PigServer.java:1792)
	at org.apache.pig.PigServer$Graph.registerQuery(PigServer.java:1765)
	at org.apache.pig.PigServer.registerQuery(PigServer.java:708)
	at org.apache.pig.tools.grunt.GruntParser.processPig(GruntParser.java:1110)
	at org.apache.pig.tools.pigscript.parser.PigScriptParser.parse(PigScriptParser.java:512)
	at org.apache.pig.tools.grunt.GruntParser.loadScript(GruntParser.java:561)
	at org.apache.pig.tools.grunt.GruntParser.processScript(GruntParser.java:497)
	at org.apache.pig.tools.pigscript.parser.PigScriptParser.Script(PigScriptParser.java:1037)
	at org.apache.pig.tools.pigscript.parser.PigScriptParser.parse(PigScriptParser.java:561)
	at org.apache.pig.tools.grunt.GruntParser.parseStopOnError(GruntParser.java:230)
	at org.apache.pig.tools.grunt.GruntParser.parseStopOnError(GruntParser.java:205)
	at org.apache.pig.tools.grunt.Grunt.run(Grunt.java:66)
	at org.apache.pig.Main.run(Main.java:564)
	at org.apache.pig.Main.main(Main.java:175)
	at java.base/jdk.internal.reflect.NativeMethodAccessorImpl.invoke0(Native Method)
	at java.base/jdk.internal.reflect.NativeMethodAccessorImpl.invoke(NativeMethodAccessorImpl.java:62)
	at java.base/jdk.internal.reflect.DelegatingMethodAccessorImpl.invoke(DelegatingMethodAccessorImpl.java:43)
	at java.base/java.lang.reflect.Method.invoke(Method.java:566)
	at org.apache.hadoop.util.RunJar.run(RunJar.java:323)
	at org.apache.hadoop.util.RunJar.main(RunJar.java:236)
Caused by: <line 32, column 35> pig script failed to validate: org.apache.pig.backend.executionengine.ExecException: ERROR 1070: Could not resolve PingStorage using imports: [, java.lang., org.apache.pig.builtin., org.apache.pig.impl.builtin.]
	at org.apache.pig.parser.LogicalPlanBuilder.validateFuncSpec(LogicalPlanBuilder.java:1348)
	at org.apache.pig.parser.LogicalPlanBuilder.buildFuncSpec(LogicalPlanBuilder.java:1333)
	at org.apache.pig.parser.LogicalPlanGenerator.func_clause(LogicalPlanGenerator.java:5184)
	at org.apache.pig.parser.LogicalPlanGenerator.store_clause(LogicalPlanGenerator.java:7782)
	at org.apache.pig.parser.LogicalPlanGenerator.op_clause(LogicalPlanGenerator.java:1669)
	at org.apache.pig.parser.LogicalPlanGenerator.general_statement(LogicalPlanGenerator.java:1102)
	at org.apache.pig.parser.LogicalPlanGenerator.statement(LogicalPlanGenerator.java:560)
	at org.apache.pig.parser.LogicalPlanGenerator.query(LogicalPlanGenerator.java:421)
	at org.apache.pig.parser.QueryParserDriver.parse(QueryParserDriver.java:191)
	... 20 more
Caused by: org.apache.pig.backend.executionengine.ExecException: ERROR 1070: Could not resolve PingStorage using imports: [, java.lang., org.apache.pig.builtin., org.apache.pig.impl.builtin.]
	at org.apache.pig.impl.PigContext.resolveClassName(PigContext.java:676)
	at org.apache.pig.parser.LogicalPlanBuilder.validateFuncSpec(LogicalPlanBuilder.java:1345)
	... 28 more
================================================================================
